Using pre-set license

 COMMAND LINE ARGUMENTS:
/Users/Dev/Documents/Unity/2020.2.4f1/Unity.app/Contents/MacOS/Unity
-adb2
-batchMode
-noUpm
-name
AssetImportWorker0
-projectPath
/Users/Dev/Documents/Portfolio/My-Game-Projects/Wings-Shootin/Wings-Game
-logFile
Logs/AssetImportWorker0.log
-srvPort
49658
Successfully changed project path to: /Users/Dev/Documents/Portfolio/My-Game-Projects/Wings-Shootin/Wings-Game
/Users/Dev/Documents/Portfolio/My-Game-Projects/Wings-Shootin/Wings-Game
Using Asset Import Pipeline V2.
Refreshing native plugins compatible for Editor in 28.80 ms, found 1 plugins.
Preloading 0 native plugins for Editor in 0.00 ms.
Initialize engine version: 2020.2.4f1 (becced5a802b)
[Subsystems] Discovering subsystems at path /Users/Dev/Documents/Unity/2020.2.4f1/Unity.app/Contents/Resources/UnitySubsystems
[Subsystems] Discovering subsystems at path /Users/Dev/Documents/Portfolio/My-Game-Projects/Wings-Shootin/Wings-Game/Assets
GfxDevice: creating device client; threaded=0
2021-12-14 21:29:18.087 Unity[866:22226] Color LCD preferred device: Intel(R) Iris(TM) Plus Graphics 655 (low power)
2021-12-14 21:29:18.087 Unity[866:22226] Metal devices available: 1
2021-12-14 21:29:18.087 Unity[866:22226] 0: Intel(R) Iris(TM) Plus Graphics 655 (low power)
2021-12-14 21:29:18.088 Unity[866:22226] Using device Intel(R) Iris(TM) Plus Graphics 655 (low power)
Initializing Metal device caps: Intel(R) Iris(TM) Plus Graphics 655
Initialize mono
Mono path[0] = '/Users/Dev/Documents/Unity/2020.2.4f1/Unity.app/Contents/Managed'
Mono path[1] = '/Users/Dev/Documents/Unity/2020.2.4f1/Unity.app/Contents/MonoBleedingEdge/lib/mono/unityjit'
Mono config path = '/Users/Dev/Documents/Unity/2020.2.4f1/Unity.app/Contents/MonoBleedingEdge/etc'
Using monoOptions --debugger-agent=transport=dt_socket,embedding=1,server=y,suspend=n,address=127.0.0.1:56866
Begin MonoManager ReloadAssembly
Registering precompiled unity dll's ...
Register platform support module: /Users/Dev/Documents/Unity/2020.2.4f1/Unity.app/Contents/PlaybackEngines/MacStandaloneSupport/UnityEditor.OSXStandalone.Extensions.dll
Register platform support module: /Users/Dev/Documents/Unity/2020.2.4f1/PlaybackEngines/LinuxStandaloneSupport/UnityEditor.LinuxStandalone.Extensions.dll
Registered in 0.003010 seconds.
Native extension for LinuxStandalone target not found
Native extension for OSXStandalone target not found
Refreshing native plugins compatible for Editor in 28.12 ms, found 1 plugins.
Preloading 0 native plugins for Editor in 0.00 ms.
Invoked RoslynAnalysisRunner static constructor.
RoslynAnalysisRunner will not be running.
RoslynAnalysisRunner has terminated.
Mono: successfully reloaded assembly
- Completed reload, in  2.726 seconds
Platform modules already initialized, skipping
Registering precompiled user dll's ...
Registered in 0.001163 seconds.
Begin MonoManager ReloadAssembly
Native extension for LinuxStandalone target not found
Native extension for OSXStandalone target not found
Refreshing native plugins compatible for Editor in 0.30 ms, found 1 plugins.
Preloading 0 native plugins for Editor in 0.00 ms.
Invoked RoslynAnalysisRunner static constructor.
RoslynAnalysisRunner will not be running.
RoslynAnalysisRunner has terminated.
Mono: successfully reloaded assembly
- Completed reload, in  1.444 seconds
Platform modules already initialized, skipping
========================================================================
Worker process is ready to serve import requests
Launching external process: /Users/Dev/Documents/Unity/2020.2.4f1/Unity.app/Contents/Tools/UnityShaderCompiler
Launched and connected shader compiler UnityShaderCompiler after 0.02 seconds
Refreshing native plugins compatible for Editor in 0.30 ms, found 1 plugins.
Preloading 0 native plugins for Editor in 0.00 ms.
Unloading 1151 Unused Serialized files (Serialized files now loaded: 0)
System memory in use before: 121.1 MB.
System memory in use after: 121.1 MB.

Unloading 9 unused Assets to reduce memory usage. Loaded Objects now: 1593.
Total: 1.978635 ms (FindLiveObjects: 0.202859 ms CreateObjectMapping: 0.041456 ms MarkObjects: 1.648235 ms  DeleteObjects: 0.084535 ms)

========================================================================
Received Import Request.
  path: Assets/Scripts/ProjectileManager.cs
  artifactKey: Guid(ad9e40befdcc74040a7a8155d026e523) Importer(815301076,1909f56bfc062723c751e8b465ee728b)
Start importing Assets/Scripts/ProjectileManager.cs using Guid(ad9e40befdcc74040a7a8155d026e523) Importer(815301076,1909f56bfc062723c751e8b465ee728b)  -> (artifact id: '132e410035b332f2e8b7095c73c80bbc') in 0.535362 seconds
  Import took 0.539197 seconds .

========================================================================
Received Import Request.
  Time since last request: 0.000324 seconds.
  path: Assets/Scripts/WingManager.cs
  artifactKey: Guid(1f5bc3358feed4550a46d83a4a379ea6) Importer(815301076,1909f56bfc062723c751e8b465ee728b)
Start importing Assets/Scripts/WingManager.cs using Guid(1f5bc3358feed4550a46d83a4a379ea6) Importer(815301076,1909f56bfc062723c751e8b465ee728b)  -> (artifact id: 'aeefb2207376fb0611772cb19b257e16') in 0.002193 seconds
  Import took 0.005055 seconds .

========================================================================
Received Import Request.
  Time since last request: 1374.869972 seconds.
  path: Assets/Animations/Chicken-Wing-Anim-Controller.controller
  artifactKey: Guid(df8f70a31c7e84d2591ead5720196940) Importer(815301076,1909f56bfc062723c751e8b465ee728b)
Start importing Assets/Animations/Chicken-Wing-Anim-Controller.controller using Guid(df8f70a31c7e84d2591ead5720196940) Importer(815301076,1909f56bfc062723c751e8b465ee728b)  -> (artifact id: 'b422ef7fe79427365a8a27c874fd6c5d') in 0.444906 seconds
  Import took 0.449437 seconds .

========================================================================
Received Prepare
Registering precompiled user dll's ...
Registered in 0.001139 seconds.
Begin MonoManager ReloadAssembly
Native extension for LinuxStandalone target not found
Native extension for OSXStandalone target not found
Refreshing native plugins compatible for Editor in 0.29 ms, found 1 plugins.
Preloading 0 native plugins for Editor in 0.00 ms.
Invoked RoslynAnalysisRunner static constructor.
RoslynAnalysisRunner will not be running.
RoslynAnalysisRunner has terminated.
Mono: successfully reloaded assembly
- Completed reload, in  1.171 seconds
Platform modules already initialized, skipping
Refreshing native plugins compatible for Editor in 0.23 ms, found 1 plugins.
Preloading 0 native plugins for Editor in 0.00 ms.
Unloading 1145 Unused Serialized files (Serialized files now loaded: 0)
System memory in use before: 129.8 MB.
System memory in use after: 129.9 MB.

Unloading 4 unused Assets to reduce memory usage. Loaded Objects now: 1595.
Total: 3.077857 ms (FindLiveObjects: 0.318923 ms CreateObjectMapping: 0.064885 ms MarkObjects: 2.027891 ms  DeleteObjects: 0.664660 ms)

========================================================================
Received Prepare
Registering precompiled user dll's ...
Registered in 0.001112 seconds.
Begin MonoManager ReloadAssembly
Native extension for LinuxStandalone target not found
Native extension for OSXStandalone target not found
Refreshing native plugins compatible for Editor in 0.26 ms, found 1 plugins.
Preloading 0 native plugins for Editor in 0.00 ms.
Invoked RoslynAnalysisRunner static constructor.
RoslynAnalysisRunner will not be running.
RoslynAnalysisRunner has terminated.
Mono: successfully reloaded assembly
- Completed reload, in  1.036 seconds
Platform modules already initialized, skipping
Refreshing native plugins compatible for Editor in 0.19 ms, found 1 plugins.
Preloading 0 native plugins for Editor in 0.00 ms.
Unloading 1145 Unused Serialized files (Serialized files now loaded: 0)
System memory in use before: 130.0 MB.
System memory in use after: 130.1 MB.

Unloading 4 unused Assets to reduce memory usage. Loaded Objects now: 1597.
Total: 2.024188 ms (FindLiveObjects: 0.171612 ms CreateObjectMapping: 0.041949 ms MarkObjects: 1.786381 ms  DeleteObjects: 0.021941 ms)

========================================================================
Received Prepare
Registering precompiled user dll's ...
Registered in 0.000693 seconds.
Begin MonoManager ReloadAssembly
Native extension for LinuxStandalone target not found
Native extension for OSXStandalone target not found
Refreshing native plugins compatible for Editor in 0.27 ms, found 1 plugins.
Preloading 0 native plugins for Editor in 0.00 ms.
Invoked RoslynAnalysisRunner static constructor.
RoslynAnalysisRunner will not be running.
RoslynAnalysisRunner has terminated.
Mono: successfully reloaded assembly
- Completed reload, in  1.146 seconds
Platform modules already initialized, skipping
Refreshing native plugins compatible for Editor in 0.21 ms, found 1 plugins.
Preloading 0 native plugins for Editor in 0.00 ms.
Unloading 1145 Unused Serialized files (Serialized files now loaded: 0)
System memory in use before: 130.2 MB.
System memory in use after: 130.2 MB.

Unloading 4 unused Assets to reduce memory usage. Loaded Objects now: 1599.
Total: 1.911801 ms (FindLiveObjects: 0.268640 ms CreateObjectMapping: 0.060392 ms MarkObjects: 1.539092 ms  DeleteObjects: 0.042483 ms)

========================================================================
Received Import Request.
  Time since last request: 1488.219229 seconds.
  path: Assets/Prefabs/Chicken Wing.prefab
  artifactKey: Guid(9df32526a43654693ac9d584039f078b) Importer(815301076,1909f56bfc062723c751e8b465ee728b)
Start importing Assets/Prefabs/Chicken Wing.prefab using Guid(9df32526a43654693ac9d584039f078b) Importer(815301076,1909f56bfc062723c751e8b465ee728b)  -> (artifact id: '2dc4f0640b9585d1c79960554ee1695d') in 0.306907 seconds
  Import took 0.309729 seconds .

========================================================================
Received Import Request.
  Time since last request: 24.069246 seconds.
  path: Assets/Prefabs/Chicken Wing.prefab
  artifactKey: Guid(9df32526a43654693ac9d584039f078b) Importer(815301076,1909f56bfc062723c751e8b465ee728b)
Start importing Assets/Prefabs/Chicken Wing.prefab using Guid(9df32526a43654693ac9d584039f078b) Importer(815301076,1909f56bfc062723c751e8b465ee728b)  -> (artifact id: '1a0b4aab4b07ec41876f49b3567c3821') in 0.014165 seconds
  Import took 0.017154 seconds .

========================================================================
Received Prepare
Registering precompiled user dll's ...
Registered in 0.000512 seconds.
Begin MonoManager ReloadAssembly
Native extension for LinuxStandalone target not found
Native extension for OSXStandalone target not found
Refreshing native plugins compatible for Editor in 0.25 ms, found 1 plugins.
Preloading 0 native plugins for Editor in 0.00 ms.
Invoked RoslynAnalysisRunner static constructor.
RoslynAnalysisRunner will not be running.
RoslynAnalysisRunner has terminated.
Mono: successfully reloaded assembly
- Completed reload, in  1.016 seconds
Platform modules already initialized, skipping
Refreshing native plugins compatible for Editor in 0.22 ms, found 1 plugins.
Preloading 0 native plugins for Editor in 0.00 ms.
Unloading 1145 Unused Serialized files (Serialized files now loaded: 0)
System memory in use before: 138.1 MB.
System memory in use after: 138.2 MB.

Unloading 4 unused Assets to reduce memory usage. Loaded Objects now: 1608.
Total: 1.889595 ms (FindLiveObjects: 0.152007 ms CreateObjectMapping: 0.039304 ms MarkObjects: 1.681388 ms  DeleteObjects: 0.015554 ms)

========================================================================
Received Import Request.
  Time since last request: 244.701758 seconds.
  path: Assets/Prefabs/Chicken Wing.prefab
  artifactKey: Guid(9df32526a43654693ac9d584039f078b) Importer(815301076,1909f56bfc062723c751e8b465ee728b)
Start importing Assets/Prefabs/Chicken Wing.prefab using Guid(9df32526a43654693ac9d584039f078b) Importer(815301076,1909f56bfc062723c751e8b465ee728b)  -> (artifact id: '48ae2e67b539a7816365d17686caaa93') in 0.072429 seconds
  Import took 0.075293 seconds .

========================================================================
Received Prepare
Registering precompiled user dll's ...
Registered in 0.000512 seconds.
Begin MonoManager ReloadAssembly
Native extension for LinuxStandalone target not found
Native extension for OSXStandalone target not found
Refreshing native plugins compatible for Editor in 0.25 ms, found 1 plugins.
Preloading 0 native plugins for Editor in 0.00 ms.
Invoked RoslynAnalysisRunner static constructor.
RoslynAnalysisRunner will not be running.
RoslynAnalysisRunner has terminated.
Mono: successfully reloaded assembly
- Completed reload, in  1.047 seconds
Platform modules already initialized, skipping
Refreshing native plugins compatible for Editor in 0.22 ms, found 1 plugins.
Preloading 0 native plugins for Editor in 0.00 ms.
Unloading 1145 Unused Serialized files (Serialized files now loaded: 0)
System memory in use before: 138.3 MB.
System memory in use after: 138.4 MB.

Unloading 4 unused Assets to reduce memory usage. Loaded Objects now: 1611.
Total: 1.868659 ms (FindLiveObjects: 0.163071 ms CreateObjectMapping: 0.044054 ms MarkObjects: 1.645625 ms  DeleteObjects: 0.014710 ms)

========================================================================
Received Prepare
Registering precompiled user dll's ...
Registered in 0.000647 seconds.
Begin MonoManager ReloadAssembly
Native extension for LinuxStandalone target not found
Native extension for OSXStandalone target not found
Refreshing native plugins compatible for Editor in 0.23 ms, found 1 plugins.
Preloading 0 native plugins for Editor in 0.00 ms.
Invoked RoslynAnalysisRunner static constructor.
RoslynAnalysisRunner will not be running.
RoslynAnalysisRunner has terminated.
Mono: successfully reloaded assembly
- Completed reload, in  1.095 seconds
Platform modules already initialized, skipping
Refreshing native plugins compatible for Editor in 0.23 ms, found 1 plugins.
Preloading 0 native plugins for Editor in 0.00 ms.
Unloading 1145 Unused Serialized files (Serialized files now loaded: 0)
System memory in use before: 138.5 MB.
System memory in use after: 138.5 MB.

Unloading 4 unused Assets to reduce memory usage. Loaded Objects now: 1613.
Total: 1.982201 ms (FindLiveObjects: 0.241356 ms CreateObjectMapping: 0.045842 ms MarkObjects: 1.639237 ms  DeleteObjects: 0.053735 ms)

========================================================================
Received Prepare
Registering precompiled user dll's ...
Registered in 0.001365 seconds.
Begin MonoManager ReloadAssembly
Native extension for LinuxStandalone target not found
Native extension for OSXStandalone target not found
Refreshing native plugins compatible for Editor in 0.27 ms, found 1 plugins.
Preloading 0 native plugins for Editor in 0.00 ms.
Invoked RoslynAnalysisRunner static constructor.
RoslynAnalysisRunner will not be running.
RoslynAnalysisRunner has terminated.
Mono: successfully reloaded assembly
- Completed reload, in  1.053 seconds
Platform modules already initialized, skipping
Refreshing native plugins compatible for Editor in 0.24 ms, found 1 plugins.
Preloading 0 native plugins for Editor in 0.00 ms.
Unloading 1145 Unused Serialized files (Serialized files now loaded: 0)
System memory in use before: 138.6 MB.
System memory in use after: 138.7 MB.

Unloading 4 unused Assets to reduce memory usage. Loaded Objects now: 1615.
Total: 2.141862 ms (FindLiveObjects: 0.193287 ms CreateObjectMapping: 0.058377 ms MarkObjects: 1.869342 ms  DeleteObjects: 0.019658 ms)

========================================================================
Received Prepare
Registering precompiled user dll's ...
Registered in 0.000722 seconds.
Begin MonoManager ReloadAssembly
Native extension for LinuxStandalone target not found
Native extension for OSXStandalone target not found
Refreshing native plugins compatible for Editor in 0.27 ms, found 1 plugins.
Preloading 0 native plugins for Editor in 0.00 ms.
Invoked RoslynAnalysisRunner static constructor.
RoslynAnalysisRunner will not be running.
RoslynAnalysisRunner has terminated.
Mono: successfully reloaded assembly
- Completed reload, in  1.096 seconds
Platform modules already initialized, skipping
Refreshing native plugins compatible for Editor in 0.19 ms, found 1 plugins.
Preloading 0 native plugins for Editor in 0.00 ms.
Unloading 1145 Unused Serialized files (Serialized files now loaded: 0)
System memory in use before: 138.8 MB.
System memory in use after: 138.9 MB.

Unloading 4 unused Assets to reduce memory usage. Loaded Objects now: 1617.
Total: 1.996484 ms (FindLiveObjects: 0.297985 ms CreateObjectMapping: 0.047210 ms MarkObjects: 1.594760 ms  DeleteObjects: 0.055553 ms)

========================================================================
Received Prepare
Registering precompiled user dll's ...
Registered in 0.003163 seconds.
Begin MonoManager ReloadAssembly
Native extension for LinuxStandalone target not found
Native extension for OSXStandalone target not found
Refreshing native plugins compatible for Editor in 0.51 ms, found 1 plugins.
Preloading 0 native plugins for Editor in 0.00 ms.
Invoked RoslynAnalysisRunner static constructor.
RoslynAnalysisRunner will not be running.
RoslynAnalysisRunner has terminated.
Mono: successfully reloaded assembly
- Completed reload, in  1.062 seconds
Platform modules already initialized, skipping
Refreshing native plugins compatible for Editor in 0.26 ms, found 1 plugins.
Preloading 0 native plugins for Editor in 0.00 ms.
Unloading 1145 Unused Serialized files (Serialized files now loaded: 0)
System memory in use before: 139.0 MB.
System memory in use after: 139.0 MB.

Unloading 4 unused Assets to reduce memory usage. Loaded Objects now: 1619.
Total: 1.757615 ms (FindLiveObjects: 0.234475 ms CreateObjectMapping: 0.059053 ms MarkObjects: 1.443888 ms  DeleteObjects: 0.018176 ms)

========================================================================
Received Prepare
Registering precompiled user dll's ...
Registered in 0.000538 seconds.
Begin MonoManager ReloadAssembly
Native extension for LinuxStandalone target not found
Native extension for OSXStandalone target not found
Refreshing native plugins compatible for Editor in 0.25 ms, found 1 plugins.
Preloading 0 native plugins for Editor in 0.00 ms.
Invoked RoslynAnalysisRunner static constructor.
RoslynAnalysisRunner will not be running.
RoslynAnalysisRunner has terminated.
Mono: successfully reloaded assembly
- Completed reload, in  1.116 seconds
Platform modules already initialized, skipping
Refreshing native plugins compatible for Editor in 0.23 ms, found 1 plugins.
Preloading 0 native plugins for Editor in 0.00 ms.
Unloading 1145 Unused Serialized files (Serialized files now loaded: 0)
System memory in use before: 139.1 MB.
System memory in use after: 139.2 MB.

Unloading 4 unused Assets to reduce memory usage. Loaded Objects now: 1621.
Total: 2.058188 ms (FindLiveObjects: 0.176020 ms CreateObjectMapping: 0.054110 ms MarkObjects: 1.810136 ms  DeleteObjects: 0.016582 ms)

========================================================================
Received Import Request.
  Time since last request: 1819.048080 seconds.
  path: Assets/Prefabs/Chicken Wing.prefab
  artifactKey: Guid(9df32526a43654693ac9d584039f078b) Importer(815301076,1909f56bfc062723c751e8b465ee728b)
Start importing Assets/Prefabs/Chicken Wing.prefab using Guid(9df32526a43654693ac9d584039f078b) Importer(815301076,1909f56bfc062723c751e8b465ee728b)  -> (artifact id: '9a0d63b5c1af23148cf89444f18c215f') in 0.140405 seconds
  Import took 0.144841 seconds .

========================================================================
Received Import Request.
  Time since last request: 3.263276 seconds.
  path: Assets/Prefabs/Hotsauce Projectile Left Facing.prefab
  artifactKey: Guid(608f1dd25888f4e849780bcf863220e6) Importer(815301076,1909f56bfc062723c751e8b465ee728b)
Start importing Assets/Prefabs/Hotsauce Projectile Left Facing.prefab using Guid(608f1dd25888f4e849780bcf863220e6) Importer(815301076,1909f56bfc062723c751e8b465ee728b)  -> (artifact id: '3dd0f7fb8ac0e8484a9e10d735cf2962') in 0.022036 seconds
  Import took 0.026862 seconds .

========================================================================
Received Import Request.
  Time since last request: 2.012535 seconds.
  path: Assets/Prefabs/Hotsauce Projectile Left Facing.prefab
  artifactKey: Guid(608f1dd25888f4e849780bcf863220e6) Importer(815301076,1909f56bfc062723c751e8b465ee728b)
Start importing Assets/Prefabs/Hotsauce Projectile Left Facing.prefab using Guid(608f1dd25888f4e849780bcf863220e6) Importer(815301076,1909f56bfc062723c751e8b465ee728b)  -> (artifact id: '1851990ddbff855ace5854a4be9d9364') in 0.014688 seconds
  Import took 0.017685 seconds .

========================================================================
Received Import Request.
  Time since last request: 0.000179 seconds.
  path: Assets/Prefabs/Hotsauce Projectile Right Facing.prefab
  artifactKey: Guid(5a178886b339c45fdadfe77360c64ce8) Importer(815301076,1909f56bfc062723c751e8b465ee728b)
Start importing Assets/Prefabs/Hotsauce Projectile Right Facing.prefab using Guid(5a178886b339c45fdadfe77360c64ce8) Importer(815301076,1909f56bfc062723c751e8b465ee728b)  -> (artifact id: 'a8a122e1bbf14cdd59be46d99729f02c') in 0.013916 seconds
  Import took 0.020269 seconds .

========================================================================
Received Import Request.
  Time since last request: 1.893282 seconds.
  path: Assets/Prefabs/Hotsauce Projectile Left Facing.prefab
  artifactKey: Guid(608f1dd25888f4e849780bcf863220e6) Importer(815301076,1909f56bfc062723c751e8b465ee728b)
Start importing Assets/Prefabs/Hotsauce Projectile Left Facing.prefab using Guid(608f1dd25888f4e849780bcf863220e6) Importer(815301076,1909f56bfc062723c751e8b465ee728b)  -> (artifact id: '19bd68fd7c772e69cfd60f2d4dd5fa4b') in 0.015128 seconds
  Import took 0.019216 seconds .

========================================================================
Received Import Request.
  Time since last request: 0.000245 seconds.
  path: Assets/Prefabs/Hotsauce Projectile Right Facing.prefab
  artifactKey: Guid(5a178886b339c45fdadfe77360c64ce8) Importer(815301076,1909f56bfc062723c751e8b465ee728b)
Start importing Assets/Prefabs/Hotsauce Projectile Right Facing.prefab using Guid(5a178886b339c45fdadfe77360c64ce8) Importer(815301076,1909f56bfc062723c751e8b465ee728b)  -> (artifact id: '7f87423e350c1da0bfc507c42a7e2640') in 0.016963 seconds
  Import took 0.021597 seconds .

========================================================================
Received Import Request.
  Time since last request: 0.000457 seconds.
  path: Assets/Prefabs/Hotsauce Projectile Up Facing.prefab
  artifactKey: Guid(2baa3fd1f6d47419aafafdecfd71929f) Importer(815301076,1909f56bfc062723c751e8b465ee728b)
Start importing Assets/Prefabs/Hotsauce Projectile Up Facing.prefab using Guid(2baa3fd1f6d47419aafafdecfd71929f) Importer(815301076,1909f56bfc062723c751e8b465ee728b)  -> (artifact id: '85d3e62c3596e1d6dab1e7ee72b85899') in 0.020603 seconds
  Import took 0.024255 seconds .

========================================================================
Received Import Request.
  Time since last request: 0.016110 seconds.
  path: Assets/Prefabs/Hotsauce Projectile Up Facing.prefab
  artifactKey: Guid(2baa3fd1f6d47419aafafdecfd71929f) Importer(815301076,1909f56bfc062723c751e8b465ee728b)
Start importing Assets/Prefabs/Hotsauce Projectile Up Facing.prefab using Guid(2baa3fd1f6d47419aafafdecfd71929f) Importer(815301076,1909f56bfc062723c751e8b465ee728b)  -> (artifact id: '85d3e62c3596e1d6dab1e7ee72b85899') in 0.011026 seconds
  Import took 0.014921 seconds .

========================================================================
Received Prepare
Registering precompiled user dll's ...
Registered in 0.000666 seconds.
Begin MonoManager ReloadAssembly
Native extension for LinuxStandalone target not found
Native extension for OSXStandalone target not found
Refreshing native plugins compatible for Editor in 0.32 ms, found 1 plugins.
Preloading 0 native plugins for Editor in 0.00 ms.
Invoked RoslynAnalysisRunner static constructor.
RoslynAnalysisRunner will not be running.
RoslynAnalysisRunner has terminated.
Mono: successfully reloaded assembly
- Completed reload, in  1.088 seconds
Platform modules already initialized, skipping
Refreshing native plugins compatible for Editor in 0.19 ms, found 1 plugins.
Preloading 0 native plugins for Editor in 0.00 ms.
Unloading 1145 Unused Serialized files (Serialized files now loaded: 0)
System memory in use before: 139.5 MB.
System memory in use after: 139.5 MB.

Unloading 4 unused Assets to reduce memory usage. Loaded Objects now: 1624.
Total: 2.001737 ms (FindLiveObjects: 0.219009 ms CreateObjectMapping: 0.044295 ms MarkObjects: 1.684938 ms  DeleteObjects: 0.052357 ms)

========================================================================
Received Prepare
Registering precompiled user dll's ...
Registered in 0.000586 seconds.
Begin MonoManager ReloadAssembly
Native extension for LinuxStandalone target not found
Native extension for OSXStandalone target not found
Refreshing native plugins compatible for Editor in 0.27 ms, found 1 plugins.
Preloading 0 native plugins for Editor in 0.00 ms.
Invoked RoslynAnalysisRunner static constructor.
RoslynAnalysisRunner will not be running.
RoslynAnalysisRunner has terminated.
Mono: successfully reloaded assembly
- Completed reload, in  1.037 seconds
Platform modules already initialized, skipping
Refreshing native plugins compatible for Editor in 0.23 ms, found 1 plugins.
Preloading 0 native plugins for Editor in 0.00 ms.
Unloading 1145 Unused Serialized files (Serialized files now loaded: 0)
System memory in use before: 139.6 MB.
System memory in use after: 139.7 MB.

Unloading 4 unused Assets to reduce memory usage. Loaded Objects now: 1626.
Total: 2.699369 ms (FindLiveObjects: 0.251517 ms CreateObjectMapping: 0.040680 ms MarkObjects: 2.390987 ms  DeleteObjects: 0.015026 ms)

========================================================================
Received Import Request.
  Time since last request: 665.016616 seconds.
  path: Assets/Prefabs/Hotsauce Projectile Left Facing.prefab
  artifactKey: Guid(608f1dd25888f4e849780bcf863220e6) Importer(815301076,1909f56bfc062723c751e8b465ee728b)
Start importing Assets/Prefabs/Hotsauce Projectile Left Facing.prefab using Guid(608f1dd25888f4e849780bcf863220e6) Importer(815301076,1909f56bfc062723c751e8b465ee728b)  -> (artifact id: '5f5d135ff5c3d01ffd2908cd2ce3d1bd') in 0.068894 seconds
  Import took 0.072214 seconds .

========================================================================
Received Import Request.
  Time since last request: 0.000253 seconds.
  path: Assets/Prefabs/Hotsauce Projectile Right Facing.prefab
  artifactKey: Guid(5a178886b339c45fdadfe77360c64ce8) Importer(815301076,1909f56bfc062723c751e8b465ee728b)
Start importing Assets/Prefabs/Hotsauce Projectile Right Facing.prefab using Guid(5a178886b339c45fdadfe77360c64ce8) Importer(815301076,1909f56bfc062723c751e8b465ee728b)  -> (artifact id: 'fd7981c3246444503bba29b7fd358348') in 0.010844 seconds
  Import took 0.013780 seconds .

========================================================================
Received Import Request.
  Time since last request: 0.000254 seconds.
  path: Assets/Prefabs/Hotsauce Projectile Up Facing.prefab
  artifactKey: Guid(2baa3fd1f6d47419aafafdecfd71929f) Importer(815301076,1909f56bfc062723c751e8b465ee728b)
Start importing Assets/Prefabs/Hotsauce Projectile Up Facing.prefab using Guid(2baa3fd1f6d47419aafafdecfd71929f) Importer(815301076,1909f56bfc062723c751e8b465ee728b)  -> (artifact id: 'ca51d843b92d04784e71edc3fc14d7f7') in 0.015146 seconds
  Import took 0.018265 seconds .

========================================================================
Received Prepare
Registering precompiled user dll's ...
Registered in 0.000521 seconds.
Begin MonoManager ReloadAssembly
Native extension for LinuxStandalone target not found
Native extension for OSXStandalone target not found
Refreshing native plugins compatible for Editor in 0.25 ms, found 1 plugins.
Preloading 0 native plugins for Editor in 0.00 ms.
Invoked RoslynAnalysisRunner static constructor.
RoslynAnalysisRunner will not be running.
RoslynAnalysisRunner has terminated.
Mono: successfully reloaded assembly
- Completed reload, in  1.068 seconds
Platform modules already initialized, skipping
Refreshing native plugins compatible for Editor in 0.27 ms, found 1 plugins.
Preloading 0 native plugins for Editor in 0.00 ms.
Unloading 1145 Unused Serialized files (Serialized files now loaded: 0)
System memory in use before: 139.9 MB.
System memory in use after: 140.0 MB.

Unloading 4 unused Assets to reduce memory usage. Loaded Objects now: 1629.
Total: 2.055799 ms (FindLiveObjects: 0.210511 ms CreateObjectMapping: 0.042663 ms MarkObjects: 1.787049 ms  DeleteObjects: 0.014387 ms)

========================================================================
Received Import Request.
  Time since last request: 492.745341 seconds.
  path: Assets/Prefabs/Hotsauce Projectile Left Facing.prefab
  artifactKey: Guid(608f1dd25888f4e849780bcf863220e6) Importer(815301076,1909f56bfc062723c751e8b465ee728b)
Start importing Assets/Prefabs/Hotsauce Projectile Left Facing.prefab using Guid(608f1dd25888f4e849780bcf863220e6) Importer(815301076,1909f56bfc062723c751e8b465ee728b)  -> (artifact id: '7ac345d90f1f9c2c7839324ddcd4a8f5') in 0.076044 seconds
  Import took 0.079408 seconds .

========================================================================
Received Import Request.
  Time since last request: 25.847388 seconds.
  path: Assets/Prefabs/Hotsauce Projectile Right Facing.prefab
  artifactKey: Guid(5a178886b339c45fdadfe77360c64ce8) Importer(815301076,1909f56bfc062723c751e8b465ee728b)
Start importing Assets/Prefabs/Hotsauce Projectile Right Facing.prefab using Guid(5a178886b339c45fdadfe77360c64ce8) Importer(815301076,1909f56bfc062723c751e8b465ee728b)  -> (artifact id: '659b7c834ff14c22e98a9436ef8e026c') in 0.011310 seconds
  Import took 0.013910 seconds .

========================================================================
Received Import Request.
  Time since last request: 0.000159 seconds.
  path: Assets/Prefabs/Hotsauce Projectile Up Facing.prefab
  artifactKey: Guid(2baa3fd1f6d47419aafafdecfd71929f) Importer(815301076,1909f56bfc062723c751e8b465ee728b)
Start importing Assets/Prefabs/Hotsauce Projectile Up Facing.prefab using Guid(2baa3fd1f6d47419aafafdecfd71929f) Importer(815301076,1909f56bfc062723c751e8b465ee728b)  -> (artifact id: 'a29a03c03acd7459997eb67e77ad83d7') in 0.008956 seconds
  Import took 0.011637 seconds .

========================================================================
Received Import Request.
  Time since last request: 37.127808 seconds.
  path: ProjectSettings/TagManager.asset
  artifactKey: Guid(00000000000000003000000000000000) Importer(815301076,1909f56bfc062723c751e8b465ee728b)
Start importing ProjectSettings/TagManager.asset using Guid(00000000000000003000000000000000) Importer(815301076,1909f56bfc062723c751e8b465ee728b)  -> (artifact id: 'd7fc6db537de490c66388a0e179d6586') in 0.169454 seconds
  Import took 0.173000 seconds .

========================================================================
Received Prepare
Registering precompiled user dll's ...
Registered in 0.000495 seconds.
Begin MonoManager ReloadAssembly
Native extension for LinuxStandalone target not found
Native extension for OSXStandalone target not found
Refreshing native plugins compatible for Editor in 0.26 ms, found 1 plugins.
Preloading 0 native plugins for Editor in 0.00 ms.
Invoked RoslynAnalysisRunner static constructor.
RoslynAnalysisRunner will not be running.
RoslynAnalysisRunner has terminated.
Mono: successfully reloaded assembly
- Completed reload, in  1.029 seconds
Platform modules already initialized, skipping
Refreshing native plugins compatible for Editor in 0.24 ms, found 1 plugins.
Preloading 0 native plugins for Editor in 0.00 ms.
Unloading 1145 Unused Serialized files (Serialized files now loaded: 0)
System memory in use before: 144.3 MB.
System memory in use after: 144.4 MB.

Unloading 5 unused Assets to reduce memory usage. Loaded Objects now: 1632.
Total: 2.146972 ms (FindLiveObjects: 0.346817 ms CreateObjectMapping: 0.083973 ms MarkObjects: 1.698576 ms  DeleteObjects: 0.016378 ms)

========================================================================
Received Prepare
Registering precompiled user dll's ...
Registered in 0.000531 seconds.
Begin MonoManager ReloadAssembly
Native extension for LinuxStandalone target not found
Native extension for OSXStandalone target not found
Refreshing native plugins compatible for Editor in 0.27 ms, found 1 plugins.
Preloading 0 native plugins for Editor in 0.00 ms.
Invoked RoslynAnalysisRunner static constructor.
RoslynAnalysisRunner will not be running.
RoslynAnalysisRunner has terminated.
Mono: successfully reloaded assembly
- Completed reload, in  1.065 seconds
Platform modules already initialized, skipping
Refreshing native plugins compatible for Editor in 0.22 ms, found 1 plugins.
Preloading 0 native plugins for Editor in 0.00 ms.
Unloading 1145 Unused Serialized files (Serialized files now loaded: 0)
System memory in use before: 144.4 MB.
System memory in use after: 144.5 MB.

Unloading 4 unused Assets to reduce memory usage. Loaded Objects now: 1634.
Total: 2.152851 ms (FindLiveObjects: 0.188396 ms CreateObjectMapping: 0.049071 ms MarkObjects: 1.893305 ms  DeleteObjects: 0.019432 ms)

========================================================================
Received Import Request.
  Time since last request: 553.878358 seconds.
  path: Assets/Prefabs/Hotsauce Projectile Left Facing.prefab
  artifactKey: Guid(608f1dd25888f4e849780bcf863220e6) Importer(815301076,1909f56bfc062723c751e8b465ee728b)
Start importing Assets/Prefabs/Hotsauce Projectile Left Facing.prefab using Guid(608f1dd25888f4e849780bcf863220e6) Importer(815301076,1909f56bfc062723c751e8b465ee728b)  -> (artifact id: '2239840ed26ee85acc46388480546eb0') in 0.081670 seconds
  Import took 0.085129 seconds .

========================================================================
Received Import Request.
  Time since last request: 0.000259 seconds.
  path: Assets/Prefabs/Hotsauce Projectile Right Facing.prefab
  artifactKey: Guid(5a178886b339c45fdadfe77360c64ce8) Importer(815301076,1909f56bfc062723c751e8b465ee728b)
Start importing Assets/Prefabs/Hotsauce Projectile Right Facing.prefab using Guid(5a178886b339c45fdadfe77360c64ce8) Importer(815301076,1909f56bfc062723c751e8b465ee728b)  -> (artifact id: 'b66d336cb32c0b96c76283189cfd5656') in 0.055801 seconds
  Import took 0.058175 seconds .

========================================================================
Received Import Request.
  Time since last request: 0.000155 seconds.
  path: Assets/Prefabs/Hotsauce Projectile Up Facing.prefab
  artifactKey: Guid(2baa3fd1f6d47419aafafdecfd71929f) Importer(815301076,1909f56bfc062723c751e8b465ee728b)
Start importing Assets/Prefabs/Hotsauce Projectile Up Facing.prefab using Guid(2baa3fd1f6d47419aafafdecfd71929f) Importer(815301076,1909f56bfc062723c751e8b465ee728b)  -> (artifact id: '9b002b5429c7144a3e1e7520539c1d34') in 0.009831 seconds
  Import took 0.012322 seconds .

========================================================================
Received Prepare
Registering precompiled user dll's ...
Registered in 0.000578 seconds.
Begin MonoManager ReloadAssembly
Native extension for LinuxStandalone target not found
Native extension for OSXStandalone target not found
Refreshing native plugins compatible for Editor in 0.40 ms, found 1 plugins.
Preloading 0 native plugins for Editor in 0.00 ms.
Invoked RoslynAnalysisRunner static constructor.
RoslynAnalysisRunner will not be running.
RoslynAnalysisRunner has terminated.
Mono: successfully reloaded assembly
- Completed reload, in  1.025 seconds
Platform modules already initialized, skipping
Refreshing native plugins compatible for Editor in 0.20 ms, found 1 plugins.
Preloading 0 native plugins for Editor in 0.00 ms.
Unloading 1145 Unused Serialized files (Serialized files now loaded: 0)
System memory in use before: 144.7 MB.
System memory in use after: 144.8 MB.

Unloading 4 unused Assets to reduce memory usage. Loaded Objects now: 1637.
Total: 1.599862 ms (FindLiveObjects: 0.196787 ms CreateObjectMapping: 0.035776 ms MarkObjects: 1.353380 ms  DeleteObjects: 0.013087 ms)

========================================================================
Received Prepare
Registering precompiled user dll's ...
Registered in 0.000523 seconds.
Begin MonoManager ReloadAssembly
Native extension for LinuxStandalone target not found
Native extension for OSXStandalone target not found
Refreshing native plugins compatible for Editor in 0.27 ms, found 1 plugins.
Preloading 0 native plugins for Editor in 0.00 ms.
Invoked RoslynAnalysisRunner static constructor.
RoslynAnalysisRunner will not be running.
RoslynAnalysisRunner has terminated.
Mono: successfully reloaded assembly
- Completed reload, in  1.002 seconds
Platform modules already initialized, skipping
Refreshing native plugins compatible for Editor in 0.23 ms, found 1 plugins.
Preloading 0 native plugins for Editor in 0.00 ms.
Unloading 1145 Unused Serialized files (Serialized files now loaded: 0)
System memory in use before: 144.8 MB.
System memory in use after: 144.9 MB.

Unloading 4 unused Assets to reduce memory usage. Loaded Objects now: 1639.
Total: 3.644475 ms (FindLiveObjects: 0.398133 ms CreateObjectMapping: 0.079677 ms MarkObjects: 3.136827 ms  DeleteObjects: 0.027714 ms)

========================================================================
Received Import Request.
  Time since last request: 190.538702 seconds.
  path: Assets/Prefabs/Chicken Wing.prefab
  artifactKey: Guid(9df32526a43654693ac9d584039f078b) Importer(815301076,1909f56bfc062723c751e8b465ee728b)
Start importing Assets/Prefabs/Chicken Wing.prefab using Guid(9df32526a43654693ac9d584039f078b) Importer(815301076,1909f56bfc062723c751e8b465ee728b)  -> (artifact id: '9cb8d4087d0423cc2aac8e6cfc5a4656') in 0.113327 seconds
  Import took 0.117128 seconds .

========================================================================
Received Import Request.
  Time since last request: 2.924303 seconds.
  path: Assets/Prefabs/Chicken Wing.prefab
  artifactKey: Guid(9df32526a43654693ac9d584039f078b) Importer(815301076,1909f56bfc062723c751e8b465ee728b)
Start importing Assets/Prefabs/Chicken Wing.prefab using Guid(9df32526a43654693ac9d584039f078b) Importer(815301076,1909f56bfc062723c751e8b465ee728b)  -> (artifact id: 'd2ded7764da0bd5e7db606cada6850aa') in 0.016926 seconds
  Import took 0.020386 seconds .

========================================================================
Received Import Request.
  Time since last request: 8.234704 seconds.
  path: Assets/Prefabs/Chicken Wing.prefab
  artifactKey: Guid(9df32526a43654693ac9d584039f078b) Importer(815301076,1909f56bfc062723c751e8b465ee728b)
Start importing Assets/Prefabs/Chicken Wing.prefab using Guid(9df32526a43654693ac9d584039f078b) Importer(815301076,1909f56bfc062723c751e8b465ee728b)  -> (artifact id: 'e8648112f3de87d95e84b32adc057ce6') in 0.017609 seconds
  Import took 0.021864 seconds .

========================================================================
Received Import Request.
  Time since last request: 1.183742 seconds.
  path: Assets/Prefabs/Chicken Wing.prefab
  artifactKey: Guid(9df32526a43654693ac9d584039f078b) Importer(815301076,1909f56bfc062723c751e8b465ee728b)
Start importing Assets/Prefabs/Chicken Wing.prefab using Guid(9df32526a43654693ac9d584039f078b) Importer(815301076,1909f56bfc062723c751e8b465ee728b)  -> (artifact id: '7812577b7eefcd46328410c1d02c7ca3') in 0.017217 seconds
  Import took 0.020936 seconds .

========================================================================
Received Import Request.
  Time since last request: 4.265401 seconds.
  path: Assets/Prefabs/Chicken Wing.prefab
  artifactKey: Guid(9df32526a43654693ac9d584039f078b) Importer(815301076,1909f56bfc062723c751e8b465ee728b)
Start importing Assets/Prefabs/Chicken Wing.prefab using Guid(9df32526a43654693ac9d584039f078b) Importer(815301076,1909f56bfc062723c751e8b465ee728b)  -> (artifact id: 'e388443232e2271f55ec00ea63cfcce6') in 0.017091 seconds
  Import took 0.020894 seconds .

========================================================================
Received Import Request.
  Time since last request: 34.973787 seconds.
  path: Assets/Prefabs/Chicken Wing.prefab
  artifactKey: Guid(9df32526a43654693ac9d584039f078b) Importer(815301076,1909f56bfc062723c751e8b465ee728b)
Start importing Assets/Prefabs/Chicken Wing.prefab using Guid(9df32526a43654693ac9d584039f078b) Importer(815301076,1909f56bfc062723c751e8b465ee728b)  -> (artifact id: '93bd5b9240adbaea7983cb4463867afa') in 0.021001 seconds
  Import took 0.024796 seconds .

========================================================================
Received Import Request.
  Time since last request: 19.916772 seconds.
  path: Assets/Prefabs/Chicken Wing.prefab
  artifactKey: Guid(9df32526a43654693ac9d584039f078b) Importer(815301076,1909f56bfc062723c751e8b465ee728b)
Start importing Assets/Prefabs/Chicken Wing.prefab using Guid(9df32526a43654693ac9d584039f078b) Importer(815301076,1909f56bfc062723c751e8b465ee728b)  -> (artifact id: 'dbf28e55e430a1e9384de02756377a51') in 0.018369 seconds
  Import took 0.022487 seconds .

========================================================================
Received Import Request.
  Time since last request: 7.901790 seconds.
  path: Assets/Prefabs/Chicken Wing.prefab
  artifactKey: Guid(9df32526a43654693ac9d584039f078b) Importer(815301076,1909f56bfc062723c751e8b465ee728b)
Start importing Assets/Prefabs/Chicken Wing.prefab using Guid(9df32526a43654693ac9d584039f078b) Importer(815301076,1909f56bfc062723c751e8b465ee728b)  -> (artifact id: '9068ca2f87bb86b524205c73022d32f4') in 0.018141 seconds
  Import took 0.022690 seconds .

========================================================================
Received Import Request.
  Time since last request: 7.072824 seconds.
  path: Assets/Prefabs/Chicken Wing.prefab
  artifactKey: Guid(9df32526a43654693ac9d584039f078b) Importer(815301076,1909f56bfc062723c751e8b465ee728b)
Start importing Assets/Prefabs/Chicken Wing.prefab using Guid(9df32526a43654693ac9d584039f078b) Importer(815301076,1909f56bfc062723c751e8b465ee728b)  -> (artifact id: '5f33a8fa95dca3505aaaed70fc4cd3af') in 0.019568 seconds
  Import took 0.023175 seconds .

========================================================================
Received Import Request.
  Time since last request: 33.058087 seconds.
  path: Assets/Prefabs/Chicken Wing.prefab
  artifactKey: Guid(9df32526a43654693ac9d584039f078b) Importer(815301076,1909f56bfc062723c751e8b465ee728b)
Start importing Assets/Prefabs/Chicken Wing.prefab using Guid(9df32526a43654693ac9d584039f078b) Importer(815301076,1909f56bfc062723c751e8b465ee728b)  -> (artifact id: 'b5fbaaa00298bf365b06677d5a642039') in 0.019242 seconds
  Import took 0.022822 seconds .

========================================================================
Received Import Request.
  Time since last request: 4.235153 seconds.
  path: Assets/Prefabs/Chicken Wing.prefab
  artifactKey: Guid(9df32526a43654693ac9d584039f078b) Importer(815301076,1909f56bfc062723c751e8b465ee728b)
Start importing Assets/Prefabs/Chicken Wing.prefab using Guid(9df32526a43654693ac9d584039f078b) Importer(815301076,1909f56bfc062723c751e8b465ee728b)  -> (artifact id: '91f549db6fce8a24a80afd9eaa54c60e') in 0.017002 seconds
  Import took 0.019814 seconds .

========================================================================
Received Import Request.
  Time since last request: 17.950459 seconds.
  path: Assets/Prefabs/Chicken Wing.prefab
  artifactKey: Guid(9df32526a43654693ac9d584039f078b) Importer(815301076,1909f56bfc062723c751e8b465ee728b)
Start importing Assets/Prefabs/Chicken Wing.prefab using Guid(9df32526a43654693ac9d584039f078b) Importer(815301076,1909f56bfc062723c751e8b465ee728b)  -> (artifact id: 'f0fda1d98327389d8f09e53d51a1509b') in 0.029226 seconds
  Import took 0.033459 seconds .

========================================================================
Received Import Request.
  Time since last request: 19.682671 seconds.
  path: Assets/Prefabs/Chicken Wing.prefab
  artifactKey: Guid(9df32526a43654693ac9d584039f078b) Importer(815301076,1909f56bfc062723c751e8b465ee728b)
Start importing Assets/Prefabs/Chicken Wing.prefab using Guid(9df32526a43654693ac9d584039f078b) Importer(815301076,1909f56bfc062723c751e8b465ee728b)  -> (artifact id: '94cb5fb13381d6c6fa7555dfd697ce93') in 0.018113 seconds
  Import took 0.021780 seconds .

========================================================================
Received Import Request.
  Time since last request: 0.001937 seconds.
  path: Assets/Prefabs/Chicken Wing.prefab
  artifactKey: Guid(9df32526a43654693ac9d584039f078b) Importer(815301076,1909f56bfc062723c751e8b465ee728b)
Start importing Assets/Prefabs/Chicken Wing.prefab using Guid(9df32526a43654693ac9d584039f078b) Importer(815301076,1909f56bfc062723c751e8b465ee728b)  -> (artifact id: '94cb5fb13381d6c6fa7555dfd697ce93') in 0.035733 seconds
  Import took 0.038800 seconds .

========================================================================
Received Import Request.
  Time since last request: 23.848340 seconds.
  path: Assets/Prefabs/Chicken Wing.prefab
  artifactKey: Guid(9df32526a43654693ac9d584039f078b) Importer(815301076,1909f56bfc062723c751e8b465ee728b)
Start importing Assets/Prefabs/Chicken Wing.prefab using Guid(9df32526a43654693ac9d584039f078b) Importer(815301076,1909f56bfc062723c751e8b465ee728b)  -> (artifact id: '1adb439490c4b7ba4fc4ce8f0ca6d1fd') in 0.019278 seconds
  Import took 0.023174 seconds .

========================================================================
Received Import Request.
  Time since last request: 17.958927 seconds.
  path: Assets/Prefabs/Chicken Wing.prefab
  artifactKey: Guid(9df32526a43654693ac9d584039f078b) Importer(815301076,1909f56bfc062723c751e8b465ee728b)
Start importing Assets/Prefabs/Chicken Wing.prefab using Guid(9df32526a43654693ac9d584039f078b) Importer(815301076,1909f56bfc062723c751e8b465ee728b)  -> (artifact id: 'eb9ba0766a5ca416d4e8ce9d645cbbda') in 0.016910 seconds
  Import took 0.020488 seconds .

========================================================================
Received Import Request.
  Time since last request: 14.786326 seconds.
  path: Assets/Prefabs/Chicken Wing.prefab
  artifactKey: Guid(9df32526a43654693ac9d584039f078b) Importer(815301076,1909f56bfc062723c751e8b465ee728b)
Start importing Assets/Prefabs/Chicken Wing.prefab using Guid(9df32526a43654693ac9d584039f078b) Importer(815301076,1909f56bfc062723c751e8b465ee728b)  -> (artifact id: 'b7c6345aedc0a5f49ac1836db26e377d') in 0.018387 seconds
  Import took 0.021469 seconds .

========================================================================
Received Prepare
Registering precompiled user dll's ...
Registered in 0.001650 seconds.
Begin MonoManager ReloadAssembly
Native extension for LinuxStandalone target not found
Native extension for OSXStandalone target not found
Refreshing native plugins compatible for Editor in 0.27 ms, found 1 plugins.
Preloading 0 native plugins for Editor in 0.00 ms.
Invoked RoslynAnalysisRunner static constructor.
RoslynAnalysisRunner will not be running.
RoslynAnalysisRunner has terminated.
Mono: successfully reloaded assembly
- Completed reload, in  1.028 seconds
Platform modules already initialized, skipping
Refreshing native plugins compatible for Editor in 0.24 ms, found 1 plugins.
Preloading 0 native plugins for Editor in 0.00 ms.
Unloading 1145 Unused Serialized files (Serialized files now loaded: 0)
System memory in use before: 145.4 MB.
System memory in use after: 145.4 MB.

Unloading 4 unused Assets to reduce memory usage. Loaded Objects now: 1642.
Total: 1.765589 ms (FindLiveObjects: 0.167402 ms CreateObjectMapping: 0.044142 ms MarkObjects: 1.537891 ms  DeleteObjects: 0.014037 ms)

========================================================================
Received Import Request.
  Time since last request: 173.175439 seconds.
  path: Assets/Prefabs/Hotsauce Projectile Left Facing.prefab
  artifactKey: Guid(608f1dd25888f4e849780bcf863220e6) Importer(815301076,1909f56bfc062723c751e8b465ee728b)
Start importing Assets/Prefabs/Hotsauce Projectile Left Facing.prefab using Guid(608f1dd25888f4e849780bcf863220e6) Importer(815301076,1909f56bfc062723c751e8b465ee728b)  -> (artifact id: '5ee32e634cecfbe5ca44c586c571cb44') in 0.087363 seconds
  Import took 0.091109 seconds .

========================================================================
Received Import Request.
  Time since last request: 2.010513 seconds.
  path: Assets/Prefabs/Hotsauce Projectile Left Facing.prefab
  artifactKey: Guid(608f1dd25888f4e849780bcf863220e6) Importer(815301076,1909f56bfc062723c751e8b465ee728b)
Start importing Assets/Prefabs/Hotsauce Projectile Left Facing.prefab using Guid(608f1dd25888f4e849780bcf863220e6) Importer(815301076,1909f56bfc062723c751e8b465ee728b)  -> (artifact id: 'e602b115dbf8f1563ebec5666ed89865') in 0.018238 seconds
  Import took 0.023184 seconds .

========================================================================
Received Import Request.
  Time since last request: 0.000339 seconds.
  path: Assets/Prefabs/Hotsauce Projectile Right Facing.prefab
  artifactKey: Guid(5a178886b339c45fdadfe77360c64ce8) Importer(815301076,1909f56bfc062723c751e8b465ee728b)
Start importing Assets/Prefabs/Hotsauce Projectile Right Facing.prefab using Guid(5a178886b339c45fdadfe77360c64ce8) Importer(815301076,1909f56bfc062723c751e8b465ee728b)  -> (artifact id: 'bba2c8ce20759d15228c5fd8ffe1dedd') in 0.018678 seconds
  Import took 0.022397 seconds .

========================================================================
Received Import Request.
  Time since last request: 1.893412 seconds.
  path: Assets/Prefabs/Hotsauce Projectile Left Facing.prefab
  artifactKey: Guid(608f1dd25888f4e849780bcf863220e6) Importer(815301076,1909f56bfc062723c751e8b465ee728b)
Start importing Assets/Prefabs/Hotsauce Projectile Left Facing.prefab using Guid(608f1dd25888f4e849780bcf863220e6) Importer(815301076,1909f56bfc062723c751e8b465ee728b)  -> (artifact id: 'dc9b9b3f4b6c0fe0c7c9c955a0a33bbe') in 0.016313 seconds
  Import took 0.019768 seconds .

========================================================================
Received Import Request.
  Time since last request: 0.000224 seconds.
  path: Assets/Prefabs/Hotsauce Projectile Right Facing.prefab
  artifactKey: Guid(5a178886b339c45fdadfe77360c64ce8) Importer(815301076,1909f56bfc062723c751e8b465ee728b)
Start importing Assets/Prefabs/Hotsauce Projectile Right Facing.prefab using Guid(5a178886b339c45fdadfe77360c64ce8) Importer(815301076,1909f56bfc062723c751e8b465ee728b)  -> (artifact id: '1f7a22ca069d9be695adcd4ede7ce771') in 0.019409 seconds
  Import took 0.023248 seconds .

========================================================================
Received Import Request.
  Time since last request: 0.000259 seconds.
  path: Assets/Prefabs/Hotsauce Projectile Up Facing.prefab
  artifactKey: Guid(2baa3fd1f6d47419aafafdecfd71929f) Importer(815301076,1909f56bfc062723c751e8b465ee728b)
Start importing Assets/Prefabs/Hotsauce Projectile Up Facing.prefab using Guid(2baa3fd1f6d47419aafafdecfd71929f) Importer(815301076,1909f56bfc062723c751e8b465ee728b)  -> (artifact id: '0d82abb6eab0719a19eed5346daa10af') in 0.020585 seconds
  Import took 0.023814 seconds .

========================================================================
Received Prepare
Registering precompiled user dll's ...
Registered in 0.000484 seconds.
Begin MonoManager ReloadAssembly
Native extension for LinuxStandalone target not found
Native extension for OSXStandalone target not found
Refreshing native plugins compatible for Editor in 0.27 ms, found 1 plugins.
Preloading 0 native plugins for Editor in 0.00 ms.
Invoked RoslynAnalysisRunner static constructor.
RoslynAnalysisRunner will not be running.
RoslynAnalysisRunner has terminated.
Mono: successfully reloaded assembly
- Completed reload, in  1.017 seconds
Platform modules already initialized, skipping
Refreshing native plugins compatible for Editor in 0.24 ms, found 1 plugins.
Preloading 0 native plugins for Editor in 0.00 ms.
Unloading 1145 Unused Serialized files (Serialized files now loaded: 0)
System memory in use before: 145.6 MB.
System memory in use after: 145.7 MB.

Unloading 4 unused Assets to reduce memory usage. Loaded Objects now: 1645.
Total: 1.700833 ms (FindLiveObjects: 0.177354 ms CreateObjectMapping: 0.046217 ms MarkObjects: 1.461451 ms  DeleteObjects: 0.013842 ms)

========================================================================
Received Prepare
Registering precompiled user dll's ...
Registered in 0.001087 seconds.
Begin MonoManager ReloadAssembly
Native extension for LinuxStandalone target not found
Native extension for OSXStandalone target not found
Refreshing native plugins compatible for Editor in 0.23 ms, found 1 plugins.
Preloading 0 native plugins for Editor in 0.00 ms.
Invoked RoslynAnalysisRunner static constructor.
RoslynAnalysisRunner will not be running.
RoslynAnalysisRunner has terminated.
Mono: successfully reloaded assembly
- Completed reload, in  0.976 seconds
Platform modules already initialized, skipping
Refreshing native plugins compatible for Editor in 0.27 ms, found 1 plugins.
Preloading 0 native plugins for Editor in 0.00 ms.
Unloading 1145 Unused Serialized files (Serialized files now loaded: 0)
System memory in use before: 145.8 MB.
System memory in use after: 145.9 MB.

Unloading 4 unused Assets to reduce memory usage. Loaded Objects now: 1647.
Total: 2.093118 ms (FindLiveObjects: 0.326422 ms CreateObjectMapping: 0.075027 ms MarkObjects: 1.671228 ms  DeleteObjects: 0.018291 ms)

========================================================================
Received Import Request.
  Time since last request: 274.646616 seconds.
  path: Assets/Prefabs/Hotsauce Projectile Left Facing.prefab
  artifactKey: Guid(608f1dd25888f4e849780bcf863220e6) Importer(815301076,1909f56bfc062723c751e8b465ee728b)
Start importing Assets/Prefabs/Hotsauce Projectile Left Facing.prefab using Guid(608f1dd25888f4e849780bcf863220e6) Importer(815301076,1909f56bfc062723c751e8b465ee728b)  -> (artifact id: '09c18556418e75bae5b82eb86bc34ea6') in 0.070578 seconds
  Import took 0.073677 seconds .

========================================================================
Received Import Request.
  Time since last request: 0.000260 seconds.
  path: Assets/Prefabs/Hotsauce Projectile Right Facing.prefab
  artifactKey: Guid(5a178886b339c45fdadfe77360c64ce8) Importer(815301076,1909f56bfc062723c751e8b465ee728b)
Start importing Assets/Prefabs/Hotsauce Projectile Right Facing.prefab using Guid(5a178886b339c45fdadfe77360c64ce8) Importer(815301076,1909f56bfc062723c751e8b465ee728b)  -> (artifact id: 'd831a5fb9e89eda940b9f0630c5cb2e6') in 0.010646 seconds
  Import took 0.012600 seconds .

========================================================================
Received Import Request.
  Time since last request: 0.000202 seconds.
  path: Assets/Prefabs/Hotsauce Projectile Up Facing.prefab
  artifactKey: Guid(2baa3fd1f6d47419aafafdecfd71929f) Importer(815301076,1909f56bfc062723c751e8b465ee728b)
Start importing Assets/Prefabs/Hotsauce Projectile Up Facing.prefab using Guid(2baa3fd1f6d47419aafafdecfd71929f) Importer(815301076,1909f56bfc062723c751e8b465ee728b)  -> (artifact id: '1964aae5f226834cce9faf0a1a909858') in 0.016428 seconds
  Import took 0.018647 seconds .

========================================================================
Received Import Request.
  Time since last request: 71.432506 seconds.
  path: Assets/Prefabs/Chicken Wing.prefab
  artifactKey: Guid(9df32526a43654693ac9d584039f078b) Importer(815301076,1909f56bfc062723c751e8b465ee728b)
Start importing Assets/Prefabs/Chicken Wing.prefab using Guid(9df32526a43654693ac9d584039f078b) Importer(815301076,1909f56bfc062723c751e8b465ee728b)  -> (artifact id: '1c273267d7151a01003dd650b1703f49') in 0.023601 seconds
  Import took 0.027021 seconds .

========================================================================
Received Import Request.
  Time since last request: 15.334740 seconds.
  path: Assets/Prefabs/Chicken Wing.prefab
  artifactKey: Guid(9df32526a43654693ac9d584039f078b) Importer(815301076,1909f56bfc062723c751e8b465ee728b)
Start importing Assets/Prefabs/Chicken Wing.prefab using Guid(9df32526a43654693ac9d584039f078b) Importer(815301076,1909f56bfc062723c751e8b465ee728b)  -> (artifact id: 'eace5e3803b546c7248e6851d298a479') in 0.019109 seconds
  Import took 0.021489 seconds .

========================================================================
Received Import Request.
  Time since last request: 4.406322 seconds.
  path: Assets/Prefabs/Chicken Wing.prefab
  artifactKey: Guid(9df32526a43654693ac9d584039f078b) Importer(815301076,1909f56bfc062723c751e8b465ee728b)
Start importing Assets/Prefabs/Chicken Wing.prefab using Guid(9df32526a43654693ac9d584039f078b) Importer(815301076,1909f56bfc062723c751e8b465ee728b)  -> (artifact id: 'b14467e93818d4887f35020b7ac4a68b') in 0.020663 seconds
  Import took 0.026821 seconds .

========================================================================
Received Prepare
Registering precompiled user dll's ...
Registered in 0.000467 seconds.
Begin MonoManager ReloadAssembly
Native extension for LinuxStandalone target not found
Native extension for OSXStandalone target not found
Refreshing native plugins compatible for Editor in 0.48 ms, found 1 plugins.
Preloading 0 native plugins for Editor in 0.00 ms.
Invoked RoslynAnalysisRunner static constructor.
RoslynAnalysisRunner will not be running.
RoslynAnalysisRunner has terminated.
Mono: successfully reloaded assembly
- Completed reload, in  1.005 seconds
Platform modules already initialized, skipping
Refreshing native plugins compatible for Editor in 0.23 ms, found 1 plugins.
Preloading 0 native plugins for Editor in 0.00 ms.
Unloading 1145 Unused Serialized files (Serialized files now loaded: 0)
System memory in use before: 146.1 MB.
System memory in use after: 146.2 MB.

Unloading 4 unused Assets to reduce memory usage. Loaded Objects now: 1650.
Total: 2.493274 ms (FindLiveObjects: 0.186138 ms CreateObjectMapping: 0.048837 ms MarkObjects: 2.231131 ms  DeleteObjects: 0.025243 ms)

========================================================================
Received Prepare
Registering precompiled user dll's ...
Registered in 0.001132 seconds.
Begin MonoManager ReloadAssembly
Native extension for LinuxStandalone target not found
Native extension for OSXStandalone target not found
Refreshing native plugins compatible for Editor in 0.25 ms, found 1 plugins.
Preloading 0 native plugins for Editor in 0.00 ms.
Invoked RoslynAnalysisRunner static constructor.
RoslynAnalysisRunner will not be running.
RoslynAnalysisRunner has terminated.
Mono: successfully reloaded assembly
- Completed reload, in  1.078 seconds
Platform modules already initialized, skipping
Refreshing native plugins compatible for Editor in 0.24 ms, found 1 plugins.
Preloading 0 native plugins for Editor in 0.00 ms.
Unloading 1145 Unused Serialized files (Serialized files now loaded: 0)
System memory in use before: 146.3 MB.
System memory in use after: 146.3 MB.

Unloading 4 unused Assets to reduce memory usage. Loaded Objects now: 1652.
Total: 1.826241 ms (FindLiveObjects: 0.170714 ms CreateObjectMapping: 0.041654 ms MarkObjects: 1.596830 ms  DeleteObjects: 0.015646 ms)

========================================================================
Received Prepare
Registering precompiled user dll's ...
Registered in 0.000551 seconds.
Begin MonoManager ReloadAssembly
Native extension for LinuxStandalone target not found
Native extension for OSXStandalone target not found
Refreshing native plugins compatible for Editor in 0.24 ms, found 1 plugins.
Preloading 0 native plugins for Editor in 0.00 ms.
Invoked RoslynAnalysisRunner static constructor.
RoslynAnalysisRunner will not be running.
RoslynAnalysisRunner has terminated.
Mono: successfully reloaded assembly
- Completed reload, in  0.993 seconds
Platform modules already initialized, skipping
Refreshing native plugins compatible for Editor in 0.23 ms, found 1 plugins.
Preloading 0 native plugins for Editor in 0.00 ms.
Unloading 1145 Unused Serialized files (Serialized files now loaded: 0)
System memory in use before: 146.4 MB.
System memory in use after: 146.5 MB.

Unloading 4 unused Assets to reduce memory usage. Loaded Objects now: 1654.
Total: 1.935312 ms (FindLiveObjects: 0.198682 ms CreateObjectMapping: 0.045414 ms MarkObjects: 1.675071 ms  DeleteObjects: 0.014866 ms)

