Using pre-set license

 COMMAND LINE ARGUMENTS:
/Users/Dev/Documents/Unity/2020.2.4f1/Unity.app/Contents/MacOS/Unity
-adb2
-batchMode
-noUpm
-name
AssetImportWorker0
-projectPath
/Users/Dev/Documents/Portfolio/My-Game-Projects/Wings-Shootin/Wings-Game
-logFile
Logs/AssetImportWorker0.log
-srvPort
50265
Successfully changed project path to: /Users/Dev/Documents/Portfolio/My-Game-Projects/Wings-Shootin/Wings-Game
/Users/Dev/Documents/Portfolio/My-Game-Projects/Wings-Shootin/Wings-Game
Using Asset Import Pipeline V2.
Refreshing native plugins compatible for Editor in 26.01 ms, found 1 plugins.
Preloading 0 native plugins for Editor in 0.00 ms.
Initialize engine version: 2020.2.4f1 (becced5a802b)
[Subsystems] Discovering subsystems at path /Users/Dev/Documents/Unity/2020.2.4f1/Unity.app/Contents/Resources/UnitySubsystems
[Subsystems] Discovering subsystems at path /Users/Dev/Documents/Portfolio/My-Game-Projects/Wings-Shootin/Wings-Game/Assets
GfxDevice: creating device client; threaded=0
2021-11-30 16:49:26.860 Unity[1606:60570] Color LCD preferred device: Intel(R) Iris(TM) Plus Graphics 655 (low power)
2021-11-30 16:49:26.860 Unity[1606:60570] Metal devices available: 1
2021-11-30 16:49:26.860 Unity[1606:60570] 0: Intel(R) Iris(TM) Plus Graphics 655 (low power)
2021-11-30 16:49:26.861 Unity[1606:60570] Using device Intel(R) Iris(TM) Plus Graphics 655 (low power)
Initializing Metal device caps: Intel(R) Iris(TM) Plus Graphics 655
Initialize mono
Mono path[0] = '/Users/Dev/Documents/Unity/2020.2.4f1/Unity.app/Contents/Managed'
Mono path[1] = '/Users/Dev/Documents/Unity/2020.2.4f1/Unity.app/Contents/MonoBleedingEdge/lib/mono/unityjit'
Mono config path = '/Users/Dev/Documents/Unity/2020.2.4f1/Unity.app/Contents/MonoBleedingEdge/etc'
Using monoOptions --debugger-agent=transport=dt_socket,embedding=1,server=y,suspend=n,address=127.0.0.1:56606
Begin MonoManager ReloadAssembly
Registering precompiled unity dll's ...
Register platform support module: /Users/Dev/Documents/Unity/2020.2.4f1/Unity.app/Contents/PlaybackEngines/MacStandaloneSupport/UnityEditor.OSXStandalone.Extensions.dll
Register platform support module: /Users/Dev/Documents/Unity/2020.2.4f1/PlaybackEngines/LinuxStandaloneSupport/UnityEditor.LinuxStandalone.Extensions.dll
Registered in 0.005484 seconds.
Native extension for LinuxStandalone target not found
Native extension for OSXStandalone target not found
Refreshing native plugins compatible for Editor in 24.22 ms, found 1 plugins.
Preloading 0 native plugins for Editor in 0.00 ms.
Invoked RoslynAnalysisRunner static constructor.
RoslynAnalysisRunner will not be running.
RoslynAnalysisRunner has terminated.
Mono: successfully reloaded assembly
- Completed reload, in  2.481 seconds
Platform modules already initialized, skipping
Registering precompiled user dll's ...
Registered in 0.001955 seconds.
Begin MonoManager ReloadAssembly
Native extension for LinuxStandalone target not found
Native extension for OSXStandalone target not found
Refreshing native plugins compatible for Editor in 0.25 ms, found 1 plugins.
Preloading 0 native plugins for Editor in 0.00 ms.
Invoked RoslynAnalysisRunner static constructor.
RoslynAnalysisRunner will not be running.
RoslynAnalysisRunner has terminated.
Mono: successfully reloaded assembly
- Completed reload, in  1.012 seconds
Platform modules already initialized, skipping
========================================================================
Worker process is ready to serve import requests
Launching external process: /Users/Dev/Documents/Unity/2020.2.4f1/Unity.app/Contents/Tools/UnityShaderCompiler
Launched and connected shader compiler UnityShaderCompiler after 0.02 seconds
Refreshing native plugins compatible for Editor in 0.21 ms, found 1 plugins.
Preloading 0 native plugins for Editor in 0.00 ms.
Unloading 1104 Unused Serialized files (Serialized files now loaded: 0)
System memory in use before: 118.8 MB.
System memory in use after: 118.9 MB.

Unloading 10 unused Assets to reduce memory usage. Loaded Objects now: 1545.
Total: 2.649482 ms (FindLiveObjects: 0.250299 ms CreateObjectMapping: 0.074572 ms MarkObjects: 2.192946 ms  DeleteObjects: 0.129518 ms)

========================================================================
Received Import Request.
  path: Assets/Scenes
  artifactKey: Guid(91566b01d98ed4419af9b3c3b8923879) Importer(815301076,1909f56bfc062723c751e8b465ee728b)
Start importing Assets/Scenes using Guid(91566b01d98ed4419af9b3c3b8923879) Importer(815301076,1909f56bfc062723c751e8b465ee728b)  -> (artifact id: '0972dd714ecfcd8e10fc4aee79f0c37f') in 0.007446 seconds
  Import took 0.012433 seconds .

========================================================================
Received Import Request.
  Time since last request: 0.000325 seconds.
  path: Assets/Scenes/SampleScene.unity
  artifactKey: Guid(9fc0d4010bbf28b4594072e72b8655ab) Importer(815301076,1909f56bfc062723c751e8b465ee728b)
Start importing Assets/Scenes/SampleScene.unity using Guid(9fc0d4010bbf28b4594072e72b8655ab) Importer(815301076,1909f56bfc062723c751e8b465ee728b)  -> (artifact id: '07678fe8974910b46a4866770d41cde6') in 0.012876 seconds
  Import took 0.017395 seconds .

========================================================================
Received Import Request.
  Time since last request: 9.167774 seconds.
  path: Assets/Scenes/Test-Level.unity
  artifactKey: Guid(9fc0d4010bbf28b4594072e72b8655ab) Importer(815301076,1909f56bfc062723c751e8b465ee728b)
Start importing Assets/Scenes/Test-Level.unity using Guid(9fc0d4010bbf28b4594072e72b8655ab) Importer(815301076,1909f56bfc062723c751e8b465ee728b)  -> (artifact id: '82c4faffdc35c79cf12a57eed10cf1e2') in 0.002091 seconds
  Import took 0.005521 seconds .

